<?xml version="1.0" encoding="UTF-8"?>
<testng-results ignored="0" total="2" passed="2" failed="0" skipped="0">
  <reporter-output>
    <line>
      <![CDATA[Browser Launch..]]>
    </line>
    <line>
      <![CDATA[Webpage open..]]>
    </line>
    <line>
      <![CDATA[Browser Launch..]]>
    </line>
    <line>
      <![CDATA[Webpage open..]]>
    </line>
  </reporter-output>
  <suite started-at="2024-02-28T15:14:32 BDT" name="Demo Suite" finished-at="2024-02-28T15:15:03 BDT" duration-ms="31435">
    <groups>
    </groups>
    <test started-at="2024-02-28T15:14:32 BDT" name="Parameterization Test" finished-at="2024-02-28T15:15:03 BDT" duration-ms="31435">
      <class name="TestNG.testNG_TN_Login_DataProvider">
        <test-method is-config="true" signature="testSetup()[pri:0, instance:TestNG.testNG_TN_Login_DataProvider@6a03bcb1]" started-at="2024-02-28T15:14:32 BDT" name="testSetup" finished-at="2024-02-28T15:14:44 BDT" duration-ms="11869" status="PASS">
          <reporter-output>
            <line>
              <![CDATA[Browser Launch..]]>
            </line>
            <line>
              <![CDATA[Webpage open..]]>
            </line>
          </reporter-output>
        </test-method> <!-- testSetup -->
        <test-method signature="testLogin(java.lang.String,java.lang.String)[pri:0, instance:TestNG.testNG_TN_Login_DataProvider@6a03bcb1]" started-at="2024-02-28T15:14:44 BDT" name="testLogin" data-provider="LoginValidDataProvider" finished-at="2024-02-28T15:14:49 BDT" duration-ms="4596" status="PASS">
          <params>
            <param index="0">
              <value>
                <![CDATA[mail123@gmail.com]]>
              </value>
            </param>
            <param index="1">
              <value>
                <![CDATA[123456]]>
              </value>
            </param>
          </params>
          <reporter-output>
          </reporter-output>
        </test-method> <!-- testLogin -->
        <test-method is-config="true" signature="tearDown()[pri:0, instance:TestNG.testNG_TN_Login_DataProvider@6a03bcb1]" started-at="2024-02-28T15:14:49 BDT" name="tearDown" finished-at="2024-02-28T15:14:50 BDT" duration-ms="1008" status="PASS">
          <reporter-output>
          </reporter-output>
        </test-method> <!-- tearDown -->
        <test-method is-config="true" signature="testSetup()[pri:0, instance:TestNG.testNG_TN_Login_DataProvider@6a03bcb1]" started-at="2024-02-28T15:14:50 BDT" name="testSetup" finished-at="2024-02-28T15:14:58 BDT" duration-ms="8339" status="PASS">
          <reporter-output>
            <line>
              <![CDATA[Browser Launch..]]>
            </line>
            <line>
              <![CDATA[Webpage open..]]>
            </line>
          </reporter-output>
        </test-method> <!-- testSetup -->
        <test-method signature="testLogin(java.lang.String,java.lang.String)[pri:0, instance:TestNG.testNG_TN_Login_DataProvider@6a03bcb1]" started-at="2024-02-28T15:14:58 BDT" name="testLogin" data-provider="LoginValidDataProvider" finished-at="2024-02-28T15:15:02 BDT" duration-ms="4540" status="PASS">
          <params>
            <param index="0">
              <value>
                <![CDATA[user_5924a1d5@gmail.com]]>
              </value>
            </param>
            <param index="1">
              <value>
                <![CDATA[fc57c192]]>
              </value>
            </param>
          </params>
          <reporter-output>
          </reporter-output>
        </test-method> <!-- testLogin -->
        <test-method is-config="true" signature="tearDown()[pri:0, instance:TestNG.testNG_TN_Login_DataProvider@6a03bcb1]" started-at="2024-02-28T15:15:02 BDT" name="tearDown" finished-at="2024-02-28T15:15:03 BDT" duration-ms="980" status="PASS">
          <reporter-output>
          </reporter-output>
        </test-method> <!-- tearDown -->
      </class> <!-- TestNG.testNG_TN_Login_DataProvider -->
    </test> <!-- Parameterization Test -->
  </suite> <!-- Demo Suite -->
</testng-results>
