<?xml version="1.0" encoding="UTF-8"?>
<testng-results ignored="0" total="1" passed="1" failed="0" skipped="0">
  <reporter-output>
    <line>
      <![CDATA[Browser Launch..]]>
    </line>
    <line>
      <![CDATA[Webpage open..]]>
    </line>
    <line>
      <![CDATA[Search by iPhone]]>
    </line>
    <line>
      <![CDATA[Add Quantity 10]]>
    </line>
    <line>
      <![CDATA[Click add to cart.]]>
    </line>
  </reporter-output>
  <suite started-at="2024-02-19T15:35:54 BDT" name="Demo Suite" finished-at="2024-02-19T15:36:12 BDT" duration-ms="18554">
    <groups>
    </groups>
    <test started-at="2024-02-19T15:35:54 BDT" name="Parameterization Test" finished-at="2024-02-19T15:36:12 BDT" duration-ms="18554">
      <class name="TestNG.TestNG_TN_Product_search_Parameter">
        <test-method is-config="true" signature="testSetup()[pri:0, instance:TestNG.TestNG_TN_Product_search_Parameter@6db9f5a4]" started-at="2024-02-19T15:35:54 BDT" name="testSetup" finished-at="2024-02-19T15:36:07 BDT" duration-ms="13469" status="PASS">
          <reporter-output>
            <line>
              <![CDATA[Browser Launch..]]>
            </line>
            <line>
              <![CDATA[Webpage open..]]>
            </line>
          </reporter-output>
        </test-method> <!-- testSetup -->
        <test-method signature="TC_01_Product_Search_Valid(java.lang.String,java.lang.String)[pri:0, instance:TestNG.TestNG_TN_Product_search_Parameter@6db9f5a4]" started-at="2024-02-19T15:36:07 BDT" name="TC_01_Product_Search_Valid" finished-at="2024-02-19T15:36:11 BDT" duration-ms="3729" status="PASS">
          <params>
            <param index="0">
              <value>
                <![CDATA[iPhone]]>
              </value>
            </param>
            <param index="1">
              <value>
                <![CDATA[10]]>
              </value>
            </param>
          </params>
          <reporter-output>
            <line>
              <![CDATA[Search by iPhone]]>
            </line>
            <line>
              <![CDATA[Add Quantity 10]]>
            </line>
            <line>
              <![CDATA[Click add to cart.]]>
            </line>
          </reporter-output>
        </test-method> <!-- TC_01_Product_Search_Valid -->
        <test-method is-config="true" signature="tearDown()[pri:0, instance:TestNG.TestNG_TN_Product_search_Parameter@6db9f5a4]" started-at="2024-02-19T15:36:11 BDT" name="tearDown" finished-at="2024-02-19T15:36:12 BDT" duration-ms="1237" status="PASS">
          <reporter-output>
          </reporter-output>
        </test-method> <!-- tearDown -->
      </class> <!-- TestNG.TestNG_TN_Product_search_Parameter -->
    </test> <!-- Parameterization Test -->
  </suite> <!-- Demo Suite -->
</testng-results>
